<?xml version="1.0" encoding="UTF-8"?>
<testng-results skipped="0" failed="2" ignored="0" total="5" passed="3">
  <reporter-output>
  </reporter-output>
  <suite name="FB test suite" duration-ms="157101" started-at="2019-05-24T12:19:59Z" finished-at="2019-05-24T12:22:36Z">
    <groups>
    </groups>
    <test name="FB Title Testing" duration-ms="157101" started-at="2019-05-24T12:19:59Z" finished-at="2019-05-24T12:22:36Z">
      <class name="MyTests.Testcases">
        <test-method status="FAIL" signature="test1()[pri:0, instance:MyTests.Testcases@28d25987]" name="test1" duration-ms="30" started-at="2019-05-24T12:19:59Z" finished-at="2019-05-24T12:19:59Z">
          <exception class="java.lang.AssertionError">
            <message>
              <![CDATA[The following asserts failed:
home page title is missing expected [false] but found [true],
not able to create a deal expected [false] but found [true],
not able to create a contact expected [false] but found [true]]]>
            </message>
            <full-stacktrace>
              <![CDATA[java.lang.AssertionError: The following asserts failed:
home page title is missing expected [false] but found [true],
not able to create a deal expected [false] but found [true],
not able to create a contact expected [false] but found [true]
at org.testng.asserts.SoftAssert.assertAll(SoftAssert.java:43)
at MyTests.Testcases.test1(Testcases.java:33)
at sun.reflect.NativeMethodAccessorImpl.invoke0(Native Method)
at sun.reflect.NativeMethodAccessorImpl.invoke(Unknown Source)
at sun.reflect.DelegatingMethodAccessorImpl.invoke(Unknown Source)
at java.lang.reflect.Method.invoke(Unknown Source)
at org.testng.internal.MethodInvocationHelper.invokeMethod(MethodInvocationHelper.java:124)
at org.testng.internal.Invoker.invokeMethod(Invoker.java:583)
at org.testng.internal.Invoker.invokeTestMethod(Invoker.java:719)
at org.testng.internal.Invoker.invokeTestMethods(Invoker.java:989)
at org.testng.internal.TestMethodWorker.invokeTestMethods(TestMethodWorker.java:125)
at org.testng.internal.TestMethodWorker.run(TestMethodWorker.java:109)
at org.testng.TestRunner.privateRun(TestRunner.java:648)
at org.testng.TestRunner.run(TestRunner.java:505)
at org.testng.SuiteRunner.runTest(SuiteRunner.java:455)
at org.testng.SuiteRunner.runSequentially(SuiteRunner.java:450)
at org.testng.SuiteRunner.privateRun(SuiteRunner.java:415)
at org.testng.SuiteRunner.run(SuiteRunner.java:364)
at org.testng.SuiteRunnerWorker.runSuite(SuiteRunnerWorker.java:52)
at org.testng.SuiteRunnerWorker.run(SuiteRunnerWorker.java:84)
at org.testng.TestNG.runSuitesSequentially(TestNG.java:1208)
at org.testng.TestNG.runSuitesLocally(TestNG.java:1137)
at org.testng.TestNG.runSuites(TestNG.java:1049)
at org.testng.TestNG.run(TestNG.java:1017)
at org.testng.remote.AbstractRemoteTestNG.run(AbstractRemoteTestNG.java:115)
at org.testng.remote.RemoteTestNG.initAndRun(RemoteTestNG.java:251)
at org.testng.remote.RemoteTestNG.main(RemoteTestNG.java:77)
]]>
            </full-stacktrace>
          </exception> <!-- java.lang.AssertionError -->
          <reporter-output>
          </reporter-output>
        </test-method> <!-- test1 -->
        <test-method status="FAIL" signature="test2()[pri:0, instance:MyTests.Testcases@28d25987]" name="test2" duration-ms="3" started-at="2019-05-24T12:19:59Z" finished-at="2019-05-24T12:19:59Z">
          <exception class="java.lang.AssertionError">
            <message>
              <![CDATA[The following asserts failed:
expected [false] but found [true]]]>
            </message>
            <full-stacktrace>
              <![CDATA[java.lang.AssertionError: The following asserts failed:
expected [false] but found [true]
at org.testng.asserts.SoftAssert.assertAll(SoftAssert.java:43)
at MyTests.Testcases.test2(Testcases.java:42)
at sun.reflect.NativeMethodAccessorImpl.invoke0(Native Method)
at sun.reflect.NativeMethodAccessorImpl.invoke(Unknown Source)
at sun.reflect.DelegatingMethodAccessorImpl.invoke(Unknown Source)
at java.lang.reflect.Method.invoke(Unknown Source)
at org.testng.internal.MethodInvocationHelper.invokeMethod(MethodInvocationHelper.java:124)
at org.testng.internal.Invoker.invokeMethod(Invoker.java:583)
at org.testng.internal.Invoker.invokeTestMethod(Invoker.java:719)
at org.testng.internal.Invoker.invokeTestMethods(Invoker.java:989)
at org.testng.internal.TestMethodWorker.invokeTestMethods(TestMethodWorker.java:125)
at org.testng.internal.TestMethodWorker.run(TestMethodWorker.java:109)
at org.testng.TestRunner.privateRun(TestRunner.java:648)
at org.testng.TestRunner.run(TestRunner.java:505)
at org.testng.SuiteRunner.runTest(SuiteRunner.java:455)
at org.testng.SuiteRunner.runSequentially(SuiteRunner.java:450)
at org.testng.SuiteRunner.privateRun(SuiteRunner.java:415)
at org.testng.SuiteRunner.run(SuiteRunner.java:364)
at org.testng.SuiteRunnerWorker.runSuite(SuiteRunnerWorker.java:52)
at org.testng.SuiteRunnerWorker.run(SuiteRunnerWorker.java:84)
at org.testng.TestNG.runSuitesSequentially(TestNG.java:1208)
at org.testng.TestNG.runSuitesLocally(TestNG.java:1137)
at org.testng.TestNG.runSuites(TestNG.java:1049)
at org.testng.TestNG.run(TestNG.java:1017)
at org.testng.remote.AbstractRemoteTestNG.run(AbstractRemoteTestNG.java:115)
at org.testng.remote.RemoteTestNG.initAndRun(RemoteTestNG.java:251)
at org.testng.remote.RemoteTestNG.main(RemoteTestNG.java:77)
]]>
            </full-stacktrace>
          </exception> <!-- java.lang.AssertionError -->
          <reporter-output>
          </reporter-output>
        </test-method> <!-- test2 -->
        <test-method status="PASS" signature="teardown()[pri:0, instance:MyTests.Testcases@28d25987]" name="teardown" is-config="true" duration-ms="1" started-at="2019-05-24T12:19:59Z" finished-at="2019-05-24T12:19:59Z">
          <reporter-output>
          </reporter-output>
        </test-method> <!-- teardown -->
      </class> <!-- MyTests.Testcases -->
      <class name="com.FbTest">
        <test-method status="PASS" signature="setup()[pri:0, instance:com.FbTest@4501b7af]" name="setup" is-config="true" duration-ms="79449" started-at="2019-05-24T12:19:59Z" finished-at="2019-05-24T12:21:18Z">
          <reporter-output>
          </reporter-output>
        </test-method> <!-- setup -->
        <test-method status="PASS" signature="FBtitleTest1()[pri:0, instance:com.FbTest@4501b7af]" name="FBtitleTest1" duration-ms="4357" started-at="2019-05-24T12:21:18Z" finished-at="2019-05-24T12:21:23Z">
          <reporter-output>
          </reporter-output>
        </test-method> <!-- FBtitleTest1 -->
        <test-method status="PASS" signature="teardown()[pri:0, instance:com.FbTest@4501b7af]" name="teardown" is-config="true" duration-ms="899" started-at="2019-05-24T12:21:23Z" finished-at="2019-05-24T12:21:24Z">
          <reporter-output>
          </reporter-output>
        </test-method> <!-- teardown -->
        <test-method status="PASS" signature="setup()[pri:0, instance:com.FbTest@4501b7af]" name="setup" is-config="true" duration-ms="58338" started-at="2019-05-24T12:21:24Z" finished-at="2019-05-24T12:22:22Z">
          <reporter-output>
          </reporter-output>
        </test-method> <!-- setup -->
        <test-method status="PASS" signature="FBtitleTest2()[pri:0, instance:com.FbTest@4501b7af]" name="FBtitleTest2" duration-ms="26" started-at="2019-05-24T12:22:22Z" finished-at="2019-05-24T12:22:22Z">
          <reporter-output>
          </reporter-output>
        </test-method> <!-- FBtitleTest2 -->
        <test-method status="PASS" signature="teardown()[pri:0, instance:com.FbTest@4501b7af]" name="teardown" is-config="true" duration-ms="752" started-at="2019-05-24T12:22:22Z" finished-at="2019-05-24T12:22:23Z">
          <reporter-output>
          </reporter-output>
        </test-method> <!-- teardown -->
        <test-method status="PASS" signature="setup()[pri:0, instance:com.FbTest@4501b7af]" name="setup" is-config="true" duration-ms="11902" started-at="2019-05-24T12:22:23Z" finished-at="2019-05-24T12:22:35Z">
          <reporter-output>
          </reporter-output>
        </test-method> <!-- setup -->
        <test-method status="PASS" signature="FBtitleTest3()[pri:0, instance:com.FbTest@4501b7af]" name="FBtitleTest3" duration-ms="477" started-at="2019-05-24T12:22:35Z" finished-at="2019-05-24T12:22:35Z">
          <reporter-output>
          </reporter-output>
        </test-method> <!-- FBtitleTest3 -->
        <test-method status="PASS" signature="teardown()[pri:0, instance:com.FbTest@4501b7af]" name="teardown" is-config="true" duration-ms="692" started-at="2019-05-24T12:22:35Z" finished-at="2019-05-24T12:22:36Z">
          <reporter-output>
          </reporter-output>
        </test-method> <!-- teardown -->
      </class> <!-- com.FbTest -->
    </test> <!-- FB Title Testing -->
  </suite> <!-- FB test suite -->
</testng-results>
